nohup: ignoring input
 * Serving Flask app 'app.py'
 * Debug mode: on
[31m[1mWARNING: This is a development server. Do not use it in a production deployment. Use a production WSGI server instead.[0m
 * Running on all addresses (0.0.0.0)
 * Running on http://127.0.0.1:5000
 * Running on http://169.254.0.21:5000
[33mPress CTRL+C to quit[0m
 * Restarting with stat
 * Debugger is active!
 * Debugger PIN: 143-347-752
10.21.226.1 - - [19/Oct/2025 22:01:09] "[35m[1mGET /favicon.ico HTTP/1.1[0m" 500 -
Traceback (most recent call last):
  File "/home/ubuntu/emergency_vehicle_frontend/venv/lib/python3.11/site-packages/flask/app.py", line 867, in full_dispatch_request
    rv = self.dispatch_request()
         ^^^^^^^^^^^^^^^^^^^^^^^
  File "/home/ubuntu/emergency_vehicle_frontend/venv/lib/python3.11/site-packages/flask/app.py", line 841, in dispatch_request
    self.raise_routing_exception(req)
  File "/home/ubuntu/emergency_vehicle_frontend/venv/lib/python3.11/site-packages/flask/app.py", line 450, in raise_routing_exception
    raise request.routing_exception  # type: ignore
  File "/home/ubuntu/emergency_vehicle_frontend/venv/lib/python3.11/site-packages/flask/ctx.py", line 353, in match_request
    result = self.url_adapter.match(return_rule=True)  # type: ignore
             ^^^^^^^^^^^^^^^^^^^^^^^^^^^^^^^^^^^^^^^^^^^^^^^^^^^^^^^^
  File "/home/ubuntu/emergency_vehicle_frontend/venv/lib/python3.11/site-packages/werkzeug/routing/map.py", line 624, in match
    raise NotFound() from None
werkzeug.exceptions.NotFound: 404 Not Found: The requested URL was not found on the server. If you entered the URL manually please check your spelling and try again.

During handling of the above exception, another exception occurred:

Traceback (most recent call last):
  File "/home/ubuntu/emergency_vehicle_frontend/venv/lib/python3.11/site-packages/flask/app.py", line 1478, in __call__
    return self.wsgi_app(environ, start_response)
           ^^^^^^^^^^^^^^^^^^^^^^^^^^^^^^^^^^^^^^
  File "/home/ubuntu/emergency_vehicle_frontend/venv/lib/python3.11/site-packages/flask/app.py", line 1458, in wsgi_app
    response = self.handle_exception(e)
               ^^^^^^^^^^^^^^^^^^^^^^^^
  File "/home/ubuntu/emergency_vehicle_frontend/venv/lib/python3.11/site-packages/flask/app.py", line 1455, in wsgi_app
    response = self.full_dispatch_request()
               ^^^^^^^^^^^^^^^^^^^^^^^^^^^^
  File "/home/ubuntu/emergency_vehicle_frontend/venv/lib/python3.11/site-packages/flask/app.py", line 869, in full_dispatch_request
    rv = self.handle_user_exception(e)
         ^^^^^^^^^^^^^^^^^^^^^^^^^^^^^
  File "/home/ubuntu/emergency_vehicle_frontend/venv/lib/python3.11/site-packages/flask/app.py", line 752, in handle_user_exception
    return self.handle_http_exception(e)
           ^^^^^^^^^^^^^^^^^^^^^^^^^^^^^
  File "/home/ubuntu/emergency_vehicle_frontend/venv/lib/python3.11/site-packages/flask/app.py", line 727, in handle_http_exception
    return self.ensure_sync(handler)(e)
           ^^^^^^^^^^^^^^^^^^^^^^^^^^^^
  File "/home/ubuntu/emergency_vehicle_frontend/app.py", line 417, in not_found
    return render_template('error.html', error='P√°gina n√£o encontrada'), 404
           ^^^^^^^^^^^^^^^^^^^^^^^^^^^^^^^^^^^^^^^^^^^^^^^^^^^^^^^^^^^^^^^^^
  File "/home/ubuntu/emergency_vehicle_frontend/venv/lib/python3.11/site-packages/flask/templating.py", line 152, in render_template
    return _render(app, template, context)
           ^^^^^^^^^^^^^^^^^^^^^^^^^^^^^^^
  File "/home/ubuntu/emergency_vehicle_frontend/venv/lib/python3.11/site-packages/flask/templating.py", line 133, in _render
    rv = template.render(context)
         ^^^^^^^^^^^^^^^^^^^^^^^^
  File "/home/ubuntu/emergency_vehicle_frontend/venv/lib/python3.11/site-packages/jinja2/environment.py", line 1295, in render
    self.environment.handle_exception()
  File "/home/ubuntu/emergency_vehicle_frontend/venv/lib/python3.11/site-packages/jinja2/environment.py", line 942, in handle_exception
    raise rewrite_traceback_stack(source=source)
  File "/home/ubuntu/emergency_vehicle_frontend/templates/error.html", line 1, in top-level template code
    {% extends "base.html" %}
  File "/home/ubuntu/emergency_vehicle_frontend/venv/lib/python3.11/site-packages/jinja2/environment.py", line 942, in handle_exception
    raise rewrite_traceback_stack(source=source)
  File "/home/ubuntu/emergency_vehicle_frontend/templates/base.html", line 28, in template
    {% block content %}{% endblock %}
jinja2.exceptions.TemplateAssertionError: block 'content' defined twice
10.21.226.1 - - [19/Oct/2025 22:01:15] "GET /login HTTP/1.1" 200 -
10.21.226.1 - - [19/Oct/2025 22:01:15] "GET /static/css/style.css HTTP/1.1" 200 -
10.21.226.1 - - [19/Oct/2025 22:01:16] "[36mGET /static/css/style.css HTTP/1.1[0m" 304 -
10.21.226.1 - - [19/Oct/2025 22:01:16] "[35m[1mGET /favicon.ico HTTP/1.1[0m" 500 -
Traceback (most recent call last):
  File "/home/ubuntu/emergency_vehicle_frontend/venv/lib/python3.11/site-packages/flask/app.py", line 867, in full_dispatch_request
    rv = self.dispatch_request()
         ^^^^^^^^^^^^^^^^^^^^^^^
  File "/home/ubuntu/emergency_vehicle_frontend/venv/lib/python3.11/site-packages/flask/app.py", line 841, in dispatch_request
    self.raise_routing_exception(req)
  File "/home/ubuntu/emergency_vehicle_frontend/venv/lib/python3.11/site-packages/flask/app.py", line 450, in raise_routing_exception
    raise request.routing_exception  # type: ignore
  File "/home/ubuntu/emergency_vehicle_frontend/venv/lib/python3.11/site-packages/flask/ctx.py", line 353, in match_request
    result = self.url_adapter.match(return_rule=True)  # type: ignore
             ^^^^^^^^^^^^^^^^^^^^^^^^^^^^^^^^^^^^^^^^^^^^^^^^^^^^^^^^
  File "/home/ubuntu/emergency_vehicle_frontend/venv/lib/python3.11/site-packages/werkzeug/routing/map.py", line 624, in match
    raise NotFound() from None
werkzeug.exceptions.NotFound: 404 Not Found: The requested URL was not found on the server. If you entered the URL manually please check your spelling and try again.

During handling of the above exception, another exception occurred:

Traceback (most recent call last):
  File "/home/ubuntu/emergency_vehicle_frontend/venv/lib/python3.11/site-packages/flask/app.py", line 1478, in __call__
    return self.wsgi_app(environ, start_response)
           ^^^^^^^^^^^^^^^^^^^^^^^^^^^^^^^^^^^^^^
  File "/home/ubuntu/emergency_vehicle_frontend/venv/lib/python3.11/site-packages/flask/app.py", line 1458, in wsgi_app
    response = self.handle_exception(e)
               ^^^^^^^^^^^^^^^^^^^^^^^^
  File "/home/ubuntu/emergency_vehicle_frontend/venv/lib/python3.11/site-packages/flask/app.py", line 1455, in wsgi_app
    response = self.full_dispatch_request()
               ^^^^^^^^^^^^^^^^^^^^^^^^^^^^
  File "/home/ubuntu/emergency_vehicle_frontend/venv/lib/python3.11/site-packages/flask/app.py", line 869, in full_dispatch_request
    rv = self.handle_user_exception(e)
         ^^^^^^^^^^^^^^^^^^^^^^^^^^^^^
  File "/home/ubuntu/emergency_vehicle_frontend/venv/lib/python3.11/site-packages/flask/app.py", line 752, in handle_user_exception
    return self.handle_http_exception(e)
           ^^^^^^^^^^^^^^^^^^^^^^^^^^^^^
  File "/home/ubuntu/emergency_vehicle_frontend/venv/lib/python3.11/site-packages/flask/app.py", line 727, in handle_http_exception
    return self.ensure_sync(handler)(e)
           ^^^^^^^^^^^^^^^^^^^^^^^^^^^^
  File "/home/ubuntu/emergency_vehicle_frontend/app.py", line 417, in not_found
    return render_template('error.html', error='P√°gina n√£o encontrada'), 404
           ^^^^^^^^^^^^^^^^^^^^^^^^^^^^^^^^^^^^^^^^^^^^^^^^^^^^^^^^^^^^^^^^^
  File "/home/ubuntu/emergency_vehicle_frontend/venv/lib/python3.11/site-packages/flask/templating.py", line 152, in render_template
    return _render(app, template, context)
           ^^^^^^^^^^^^^^^^^^^^^^^^^^^^^^^
  File "/home/ubuntu/emergency_vehicle_frontend/venv/lib/python3.11/site-packages/flask/templating.py", line 133, in _render
    rv = template.render(context)
         ^^^^^^^^^^^^^^^^^^^^^^^^
  File "/home/ubuntu/emergency_vehicle_frontend/venv/lib/python3.11/site-packages/jinja2/environment.py", line 1295, in render
    self.environment.handle_exception()
  File "/home/ubuntu/emergency_vehicle_frontend/venv/lib/python3.11/site-packages/jinja2/environment.py", line 942, in handle_exception
    raise rewrite_traceback_stack(source=source)
  File "/home/ubuntu/emergency_vehicle_frontend/templates/error.html", line 1, in top-level template code
    {% extends "base.html" %}
  File "/home/ubuntu/emergency_vehicle_frontend/venv/lib/python3.11/site-packages/jinja2/environment.py", line 942, in handle_exception
    raise rewrite_traceback_stack(source=source)
  File "/home/ubuntu/emergency_vehicle_frontend/templates/base.html", line 28, in template
    {% block content %}{% endblock %}
jinja2.exceptions.TemplateAssertionError: block 'content' defined twice
